<?xml version="1.0" encoding="UTF-8"?>
<!-- Generated by org.testng.reporters.JUnitXMLReporter -->
<testsuite ignored="0" hostname="Mituls-MacBook-Pro.local" failures="3" tests="4" name="functional" time="8.398" errors="0" timestamp="04 Jul. 2020 03:54:54 GMT">
  <testcase classname="testScripts.EcomTest" name="test1" time="3.976">
    <failure type="java.lang.AssertionError" message="Actual Value: Printed Chiffon Dress expected [true] but found [false]">
      <![CDATA[java.lang.AssertionError: Actual Value: Printed Chiffon Dress expected [true] but found [false]
at testScripts.EcomTest.test1(EcomTest.java:59)
... Removed 28 stack frames]]>
    </failure>
  </testcase> <!-- test1 -->
  <testcase classname="testScripts.EcomTest" name="test1" time="2.073">
    <failure type="java.lang.AssertionError" message="Actual Value: Printed Summer Dress expected [true] but found [false]">
      <![CDATA[java.lang.AssertionError: Actual Value: Printed Summer Dress expected [true] but found [false]
at testScripts.EcomTest.test1(EcomTest.java:59)
... Removed 28 stack frames]]>
    </failure>
  </testcase> <!-- test1 -->
  <testcase classname="testScripts.EcomTest" name="test2" time="0.02"/>
  <testcase classname="testScripts.EcomTest" name="test2" time="0.013">
    <failure type="java.lang.AssertionError" message="expected [0123-456-789] but found [2145-123-654]">
      <![CDATA[java.lang.AssertionError: expected [0123-456-789] but found [2145-123-654]
at testScripts.EcomTest.test2(EcomTest.java:69)
... Removed 31 stack frames]]>
    </failure>
  </testcase> <!-- test2 -->
</testsuite> <!-- functional -->
