<?xml version="1.0" encoding="UTF-8"?>
<!-- Generated by org.testng.reporters.JUnitXMLReporter -->
<testsuite ignored="1" hostname="Mituls-MacBook-Pro.local" failures="2" tests="2" name="Regression" time="1.583" errors="0" timestamp="07 Jul. 2020 03:25:26 GMT">
  <testcase classname="testScripts.EcomTest" name="test2" time="0.0">
    <failure type="java.lang.NullPointerException">
      <![CDATA[java.lang.NullPointerException
at testScripts.EcomTest.test2(EcomTest.java:69)
at testScripts.Runner.main(Runner.java:75)
... Removed 22 stack frames]]>
    </failure>
  </testcase> <!-- test2 -->
  <testcase classname="testScripts.EcomTest" name="test2" time="0.0">
    <failure type="java.lang.NullPointerException">
      <![CDATA[java.lang.NullPointerException
at testScripts.EcomTest.test2(EcomTest.java:69)
at testScripts.Runner.main(Runner.java:75)
... Removed 22 stack frames]]>
    </failure>
  </testcase> <!-- test2 -->
  <testcase classname="testScripts.EcomTest" name="test1" time="0.0">
    <ignored/>
  </testcase> <!-- test1 -->
</testsuite> <!-- Regression -->
