<?xml version="1.0" encoding="UTF-8"?>
<testsuite xmlns:xsi="http://www.w3.org/2001/XMLSchema-instance" xsi:noNamespaceSchemaLocation="https://maven.apache.org/surefire/maven-surefire-plugin/xsd/surefire-test-report-3.0.xsd" version="3.0" name="TestSuite" time="17.516" tests="4" errors="0" skipped="0" failures="3">
  <properties>
[...]
</properties>
  <testcase name="test1[{SearchString=Printed Summer Dress}](1)" classname="testScripts.EcomTest" time="5.512">
    <failure message="Actual Value: Printed Chiffon Dress expected [true] but found [false]" type="java.lang.AssertionError"><![CDATA[java.lang.AssertionError: Actual Value: Printed Chiffon Dress expected [true] but found [false]
	at testScripts.EcomTest.test1(EcomTest.java:64)
]]></failure>
    <system-out><![CDATA[[TestNGContentHandler] [WARN] It is strongly recommended to add "<!DOCTYPE suite SYSTEM "http://testng.org/testng-1.0.dtd" >" at the top of your file, otherwise TestNG may fail or not work as expected.
]]></system-out>
    <system-err><![CDATA[log4j:WARN No appenders could be found for logger (framework.base.BaseTest).
log4j:WARN Please initialize the log4j system properly.
log4j:WARN See http://logging.apache.org/log4j/1.2/faq.html#noconfig for more info.
Starting ChromeDriver 83.0.4103.39 (ccbf011cb2d2b19b506d844400483861342c20cd-refs/branch-heads/4103@{#416}) on port 24790
Only local connections are allowed.
Please see https://chromedriver.chromium.org/security-considerations for suggestions on keeping ChromeDriver safe.
ChromeDriver was started successfully.
[1596075445.163][WARNING]: This version of ChromeDriver has not been tested with Chrome version 84.
Jul 29, 2020 10:17:25 PM org.openqa.selenium.remote.ProtocolHandshake createSession
INFO: Detected dialect: W3C
]]></system-err>
  </testcase>
  <testcase name="test1[{SearchString=Printed Chiffon Dress}](2)" classname="testScripts.EcomTest" time="2.784">
    <failure message="Actual Value: Printed Summer Dress expected [true] but found [false]" type="java.lang.AssertionError"><![CDATA[java.lang.AssertionError: Actual Value: Printed Summer Dress expected [true] but found [false]
	at testScripts.EcomTest.test1(EcomTest.java:64)
]]></failure>
    <system-out><![CDATA[F]]></system-out>
  </testcase>
  <testcase name="test2[{Phone=0123-456-789}](1)" classname="testScripts.EcomTest" time="0.021">
    <system-out><![CDATA[F]]></system-out>
  </testcase>
  <testcase name="test2[{Phone=2145-123-654}](2)" classname="testScripts.EcomTest" time="0.013">
    <failure message="expected [0123-456-789] but found [2145-123-654]" type="java.lang.AssertionError"><![CDATA[java.lang.AssertionError: expected [0123-456-789] but found [2145-123-654]
	at testScripts.EcomTest.test2(EcomTest.java:75)
]]></failure>
    <system-out><![CDATA[.]]></system-out>
  </testcase>
</testsuite>