<?xml version="1.0" encoding="UTF-8"?>
<testng-results ignored="0" total="1" passed="1" failed="0" skipped="0">
  <reporter-output>
  </reporter-output>
  <suite started-at="2020-07-01T12:58:45Z" name="Suite" finished-at="2020-07-01T12:58:48Z" duration-ms="2936">
    <groups>
    </groups>
    <test started-at="2020-07-01T12:58:45Z" name="functional" finished-at="2020-07-01T12:58:48Z" duration-ms="2936">
      <class name="testScripts.EcomTest">
        <test-method is-config="true" signature="beforeSuiteSetUp()[pri:0, instance:testScripts.EcomTest@4ff8d125]" started-at="2020-07-01T12:58:45Z" name="beforeSuiteSetUp" finished-at="2020-07-01T12:58:45Z" duration-ms="8" status="PASS">
          <reporter-output>
          </reporter-output>
        </test-method> <!-- beforeSuiteSetUp -->
        <test-method is-config="true" signature="beforeTestRun(java.lang.String, int, int, java.lang.String)[pri:0, instance:testScripts.EcomTest@4ff8d125]" started-at="2020-07-01T12:58:45Z" name="beforeTestRun" finished-at="2020-07-01T12:58:47Z" duration-ms="2198" status="PASS">
          <params>
            <param index="0">
              <value>
                <![CDATA[chrome]]>
              </value>
            </param>
            <param index="1">
              <value>
                <![CDATA[60]]>
              </value>
            </param>
            <param index="2">
              <value>
                <![CDATA[60]]>
              </value>
            </param>
            <param index="3">
              <value>
                <![CDATA[donotspillthesecret!]]>
              </value>
            </param>
          </params>
          <reporter-output>
          </reporter-output>
        </test-method> <!-- beforeTestRun -->
        <test-method signature="first_test()[pri:0, instance:testScripts.EcomTest@4ff8d125]" started-at="2020-07-01T12:58:47Z" name="first_test" finished-at="2020-07-01T12:58:48Z" duration-ms="639" status="PASS">
          <reporter-output>
          </reporter-output>
        </test-method> <!-- first_test -->
        <test-method is-config="true" signature="afterTestRun()[pri:0, instance:testScripts.EcomTest@4ff8d125]" started-at="2020-07-01T12:58:48Z" name="afterTestRun" finished-at="2020-07-01T12:58:48Z" duration-ms="81" status="PASS">
          <reporter-output>
          </reporter-output>
        </test-method> <!-- afterTestRun -->
        <test-method is-config="true" signature="afterSuiteTearDown()[pri:0, instance:testScripts.EcomTest@4ff8d125]" started-at="2020-07-01T12:58:48Z" name="afterSuiteTearDown" finished-at="2020-07-01T12:58:48Z" duration-ms="0" status="PASS">
          <reporter-output>
          </reporter-output>
        </test-method> <!-- afterSuiteTearDown -->
      </class> <!-- testScripts.EcomTest -->
    </test> <!-- functional -->
  </suite> <!-- Suite -->
</testng-results>
